<!DOCTYPE html PUBLIC "-//W3C//DTD XHTML 1.1//EN" "https://www.w3.org/TR/xhtml11/DTD/xhtml11.dtd">
<html xmlns="https://www.w3.org/1999/xhtml">
<head>
<meta charset='utf-8'>
<title>TestNG Report</title>
<style type="text/css">
table {margin-bottom:10px;border-collapse:collapse;empty-cells:show}
td,th {border:1px solid #009;padding:.25em .5em}
.result th {vertical-align:bottom}
.param th {padding-left:1em;padding-right:1em}
.param td {padding-left:.5em;padding-right:2em}
.stripe td,.stripe th {background-color: #E6EBF9}
.numi,.numi_attn {text-align:right}
.total td {font-weight:bold}
.passedodd td {background-color: #0A0}
.passedeven td {background-color: #3F3}
.skippedodd td {background-color: #CCC}
.skippedodd td {background-color: #DDD}
.failedodd td,.numi_attn {background-color: #F33}
.failedeven td,.stripe .numi_attn {background-color: #D00}
.stacktrace {white-space:pre;font-family:monospace}
.totop {font-size:85%;text-align:center;border-bottom:2px solid #000}
</style>
</head>
<body>
<table cellspacing="0" cellpadding="0" class="testOverview">
<tr><th>Test</th><th>Methods<br/>Passed</th><th>Scenarios<br/>Passed</th><th># skipped</th><th># failed</th><th>Total<br/>Time</th><th>Included<br/>Groups</th><th>Excluded<br/>Groups</th></tr>
<tr><td style="text-align:left;padding-right:2em"><a href="#t1">Regression1</a></td><td class="numi">27</td><td class="numi">27</td><td class="numi">0</td><td class="numi_attn">2</td><td class="numi">284.2 seconds</td><td class="numi"></td><td class="numi"></td></tr>
</table>
<table cellspacing="0" cellpadding="0" class="methodOverview" id="summary">
<tr><th>Class</th><th>Method</th><th># of<br/>Scenarios</th><th>Start</th><th>Time<br/>(ms)</th></tr>
<tr id="t1"><th colspan="5">Regression1 &#8212; failed</th></tr>
<tr class="failedodd"><td>Tests.SelectCategoryTestCases</td><td><a href="#m1"><b>SelectCategoryAndOpensUBcategorySuccessfully</b>  </a></td><td class="numi">1</td><td>1647437112471</td><td class="numi">1203</td></tr>
<tr class="failedeven"><td>Tests.CheckOutTestCases</td><td><a href="#m2"><b>LoggedUserCanCheckoutSuccessfully</b>  </a></td><td class="numi">1</td><td>1647437210027</td><td class="numi">14249</td></tr>
<tr><th colspan="5">Regression1 &#8212; passed</th></tr>
<tr class="passedodd"><td rowspan="2">Tests.RegisterationTestCases</td><td><a href="#m3"><b>UserCanRegisterSuccessfully</b>  </a></td><td class="numi">1</td><td>1647436952588</td><td class="numi">5708</td></tr><tr class="passedodd"><td><a href="#m4"><b>UserCanLogoutSuccessfully</b>  </a></td><td class="numi">1</td><td>1647436958307</td><td class="numi">3401</td></tr>
<tr class="passedeven"><td>Tests.SearchProductTestCases</td><td><a href="#m5"><b>SearchByProductSuccessfully</b>  </a></td><td class="numi">1</td><td>1647437010878</td><td class="numi">3468</td></tr>
<tr class="passedodd"><td>Tests.WishesListTestCases</td><td><a href="#m6"><b>RemoveProductFromWishesList</b>  </a></td><td class="numi">1</td><td>1647437061118</td><td class="numi">4444</td></tr>
<tr class="passedeven"><td>Tests.CheckOutTestCases</td><td><a href="#m7"><b>UserCanRegisterSuccessfully</b>  </a></td><td class="numi">1</td><td>1647437196628</td><td class="numi">4948</td></tr>
<tr class="passedodd"><td>Tests.FilterByColorTestCases</td><td><a href="#m8"><b>FilterByColorSuccessfully</b>  </a></td><td class="numi">1</td><td>1647437127598</td><td class="numi">2116</td></tr>
<tr class="passedeven"><td>Tests.ChangeCurrencyTestCases</td><td><a href="#m9"><b>SearchByProductSuccessfully</b>  </a></td><td class="numi">1</td><td>1647437098063</td><td class="numi">4032</td></tr>
<tr class="passedodd"><td>Tests.SelectTagsTestCases</td><td><a href="#m10"><b>SelectTagSuccessfully</b>  </a></td><td class="numi">1</td><td>1647437159619</td><td class="numi">1647</td></tr>
<tr class="passedeven"><td>Tests.MyAccountTestCases</td><td><a href="#m11"><b>UserCanRegisterSuccessfully</b>  </a></td><td class="numi">1</td><td>1647436977531</td><td class="numi">8490</td></tr>
<tr class="passedodd"><td>Tests.ChangeCurrencyTestCases</td><td><a href="#m12"><b>UserChangeCurrencyToDollarSuccessfully</b>  </a></td><td class="numi">1</td><td>1647437102097</td><td class="numi">2363</td></tr>
<tr class="passedeven"><td>Tests.FilterByColorTestCases</td><td><a href="#m13"><b>CheckColorOnDetailsPageofProduct</b>  </a></td><td class="numi">1</td><td>1647437129716</td><td class="numi">3810</td></tr>
<tr class="passedodd"><td>Tests.CompareListTestCases</td><td><a href="#m14"><b>SearchByProductSuccessfully</b>  </a></td><td class="numi">1</td><td>1647437075429</td><td class="numi">2911</td></tr>
<tr class="passedeven"><td>Tests.CheckOutTestCases</td><td><a href="#m15"><b>SearchByProductSuccessfully</b>  </a></td><td class="numi">1</td><td>1647437201577</td><td class="numi">3304</td></tr>
<tr class="passedodd"><td>Tests.RegisterationTestCases</td><td><a href="#m16"><b>UserCanLoginSuccessfully</b>  </a></td><td class="numi">1</td><td>1647436961711</td><td class="numi">7088</td></tr>
<tr class="passedeven"><td>Tests.CheckOutTestCases</td><td><a href="#m17"><b>AddProductsToShoppingCart</b>  </a></td><td class="numi">1</td><td>1647437204884</td><td class="numi">5140</td></tr>
<tr class="passedodd"><td>Tests.MyAccountTestCases</td><td><a href="#m18"><b>LoggedUserChangePasswordSuccessfully</b>  </a></td><td class="numi">1</td><td>1647436986024</td><td class="numi">7115</td></tr>
<tr class="passedeven"><td>Tests.FilterByColorTestCases</td><td><a href="#m19"><b>SelectShoesSubCategorySuccessfully</b>  </a></td><td class="numi">1</td><td>1647437124057</td><td class="numi">3539</td></tr>
<tr class="passedodd"><td>Tests.MyAccountTestCases</td><td><a href="#m20"><b>UserCanLogoutSuccessfully</b>  </a></td><td class="numi">1</td><td>1647436993141</td><td class="numi">4437</td></tr>
<tr class="passedeven"><td>Tests.WishesListTestCases</td><td><a href="#m21"><b>AddProductsToWishesList</b>  </a></td><td class="numi">1</td><td>1647437043947</td><td class="numi">17169</td></tr>
<tr class="passedodd"><td>Tests.SelectTagsTestCases</td><td><a href="#m22"><b>SelectShoesSubCategorySuccessfully</b>  </a></td><td class="numi">1</td><td>1647437153884</td><td class="numi">5734</td></tr>
<tr class="passedeven"><td>Tests.AddToShoppingCartTestCases</td><td><a href="#m23"><b>RemoveProductFromShoppingCart</b>  </a></td><td class="numi">1</td><td>1647437184292</td><td class="numi">4512</td></tr>
<tr class="passedodd"><td>Tests.WishesListTestCases</td><td><a href="#m24"><b>SearchByProductSuccessfully</b>  </a></td><td class="numi">1</td><td>1647437040803</td><td class="numi">3142</td></tr>
<tr class="passedeven"><td>Tests.MyAccountTestCases</td><td><a href="#m25"><b>UserCanLoginSuccessfully</b>  </a></td><td class="numi">1</td><td>1647436997581</td><td class="numi">5250</td></tr>
<tr class="passedodd"><td>Tests.ChangeCurrencyTestCases</td><td><a href="#m26"><b>UserChangeCurrencyToEuroSuccessfully</b>  </a></td><td class="numi">1</td><td>1647437096621</td><td class="numi">1440</td></tr>
<tr class="passedeven"><td>Tests.CompareListTestCases</td><td><a href="#m27"><b>AddProductsToWishesList</b>  </a></td><td class="numi">1</td><td>1647437078345</td><td class="numi">10472</td></tr>
<tr class="passedodd"><td rowspan="2">Tests.AddToShoppingCartTestCases</td><td><a href="#m28"><b>SearchByProductSuccessfully</b>  </a></td><td class="numi">1</td><td>1647437171055</td><td class="numi">3639</td></tr><tr class="passedodd"><td><a href="#m29"><b>AddProductsToShoppingCart</b>  </a></td><td class="numi">1</td><td>1647437174696</td><td class="numi">9595</td></tr>
</table>
<h1>Regression1</h1>
<h2 id="m1">Tests.SelectCategoryTestCases:SelectCategoryAndOpensUBcategorySuccessfully</h2>
<div>
<div class="stacktrace">org.openqa.selenium.ElementNotInteractableException: element not interactable: https://demo.nopcommerce.com/desktops has no size and location
  (Session info: chrome=99.0.4844.51)
Build info: version: &apos;4.1.2&apos;, revision: &apos;9a5a329c5a&apos;
System info: host: &apos;VAIO&apos;, ip: &apos;192.168.1.107&apos;, os.name: &apos;Windows 10&apos;, os.arch: &apos;amd64&apos;, os.version: &apos;10.0&apos;, java.version: &apos;17.0.2&apos;
Driver info: org.openqa.selenium.chrome.ChromeDriver
Command: [eb2fed8c385b6facd5cbc2952c819247, actions {actions=[org.openqa.selenium.interactions.Sequence@31e130bf]}]
Capabilities {acceptInsecureCerts: false, browserName: chrome, browserVersion: 99.0.4844.51, chrome: {chromedriverVersion: 99.0.4844.51 (d537ec02474b5..., userDataDir: C:\Users\amina\AppData\Loca...}, goog:chromeOptions: {debuggerAddress: localhost:49400}, javascriptEnabled: true, networkConnectionEnabled: false, pageLoadStrategy: normal, platform: WINDOWS, platformName: WINDOWS, proxy: Proxy(), se:cdp: ws://localhost:49400/devtoo..., se:cdpVersion: 99.0.4844.51, setWindowRect: true, strictFileInteractability: false, timeouts: {implicit: 0, pageLoad: 300000, script: 30000}, unhandledPromptBehavior: dismiss and notify, webauthn:extension:credBlob: true, webauthn:extension:largeBlob: true, webauthn:virtualAuthenticators: true}
Session ID: eb2fed8c385b6facd5cbc2952c819247
	at org.openqa.selenium.remote.codec.w3c.W3CHttpResponseCodec.createException(W3CHttpResponseCodec.java:200)
	at org.openqa.selenium.remote.codec.w3c.W3CHttpResponseCodec.decode(W3CHttpResponseCodec.java:133)
	at org.openqa.selenium.remote.codec.w3c.W3CHttpResponseCodec.decode(W3CHttpResponseCodec.java:53)
	at org.openqa.selenium.remote.HttpCommandExecutor.execute(HttpCommandExecutor.java:184)
	at org.openqa.selenium.remote.service.DriverCommandExecutor.invokeExecute(DriverCommandExecutor.java:167)
	at org.openqa.selenium.remote.service.DriverCommandExecutor.execute(DriverCommandExecutor.java:142)
	at org.openqa.selenium.remote.RemoteWebDriver.execute(RemoteWebDriver.java:558)
	at org.openqa.selenium.remote.RemoteWebDriver.perform(RemoteWebDriver.java:626)
	at org.openqa.selenium.interactions.Actions$BuiltAction.perform(Actions.java:656)
	at Pages.HomePage.openCategoryMenu(HomePage.java:77)
	at Tests.SelectCategoryTestCases.SelectCategoryAndOpensUBcategorySuccessfully(SelectCategoryTestCases.java:14)
	at java.base/java.util.ArrayList.forEach(ArrayList.java:1511)
	at com.intellij.rt.testng.IDEARemoteTestNG.run(IDEARemoteTestNG.java:66)
	at com.intellij.rt.testng.RemoteTestNGStarter.main(RemoteTestNGStarter.java:109)
... Removed 29 stack frames</div>
</div>
<p class="totop"><a href="#summary">back to summary</a></p>
<h2 id="m2">Tests.CheckOutTestCases:LoggedUserCanCheckoutSuccessfully</h2>
<div>
<div class="stacktrace">org.openqa.selenium.ElementNotInteractableException: element not interactable
  (Session info: chrome=99.0.4844.51)
Build info: version: &apos;4.1.2&apos;, revision: &apos;9a5a329c5a&apos;
System info: host: &apos;VAIO&apos;, ip: &apos;192.168.1.107&apos;, os.name: &apos;Windows 10&apos;, os.arch: &apos;amd64&apos;, os.version: &apos;10.0&apos;, java.version: &apos;17.0.2&apos;
Driver info: org.openqa.selenium.chrome.ChromeDriver
Command: [83aa5b5e600a2401170281f8199c8b54, clickElement {id=8a025bee-7f78-4553-a25b-7789384c0f22}]
Capabilities {acceptInsecureCerts: false, browserName: chrome, browserVersion: 99.0.4844.51, chrome: {chromedriverVersion: 99.0.4844.51 (d537ec02474b5..., userDataDir: C:\Users\amina\AppData\Loca...}, goog:chromeOptions: {debuggerAddress: localhost:49689}, javascriptEnabled: true, networkConnectionEnabled: false, pageLoadStrategy: normal, platform: WINDOWS, platformName: WINDOWS, proxy: Proxy(), se:cdp: ws://localhost:49689/devtoo..., se:cdpVersion: 99.0.4844.51, setWindowRect: true, strictFileInteractability: false, timeouts: {implicit: 0, pageLoad: 300000, script: 30000}, unhandledPromptBehavior: dismiss and notify, webauthn:extension:credBlob: true, webauthn:extension:largeBlob: true, webauthn:virtualAuthenticators: true}
Element: [[ChromeDriver: chrome on WINDOWS (83aa5b5e600a2401170281f8199c8b54)] -&gt; xpath: //div[@id=&quot;payment-method-buttons-container&quot;]//button[@class=&quot;button-1 payment-method-next-step-button&quot;]]
Session ID: 83aa5b5e600a2401170281f8199c8b54
	at org.openqa.selenium.remote.codec.w3c.W3CHttpResponseCodec.createException(W3CHttpResponseCodec.java:200)
	at org.openqa.selenium.remote.codec.w3c.W3CHttpResponseCodec.decode(W3CHttpResponseCodec.java:133)
	at org.openqa.selenium.remote.codec.w3c.W3CHttpResponseCodec.decode(W3CHttpResponseCodec.java:53)
	at org.openqa.selenium.remote.HttpCommandExecutor.execute(HttpCommandExecutor.java:184)
	at org.openqa.selenium.remote.service.DriverCommandExecutor.invokeExecute(DriverCommandExecutor.java:167)
	at org.openqa.selenium.remote.service.DriverCommandExecutor.execute(DriverCommandExecutor.java:142)
	at org.openqa.selenium.remote.RemoteWebDriver.execute(RemoteWebDriver.java:558)
	at org.openqa.selenium.remote.RemoteWebElement.execute(RemoteWebElement.java:251)
	at org.openqa.selenium.remote.RemoteWebElement.click(RemoteWebElement.java:77)
	at org.openqa.selenium.support.pagefactory.internal.LocatingElementHandler.invoke(LocatingElementHandler.java:52)
	at jdk.proxy2/jdk.proxy2.$Proxy16.click(Unknown Source)
	at Pages.PageBase.clickONButton(PageBase.java:23)
	at Pages.CheckOutPage.EnterBillingAddress(CheckOutPage.java:87)
	at Tests.CheckOutTestCases.LoggedUserCanCheckoutSuccessfully(CheckOutTestCases.java:60)
	at java.base/java.util.ArrayList.forEach(ArrayList.java:1511)
	at com.intellij.rt.testng.IDEARemoteTestNG.run(IDEARemoteTestNG.java:66)
	at com.intellij.rt.testng.RemoteTestNGStarter.main(RemoteTestNGStarter.java:109)
... Removed 32 stack frames</div>
</div>
<p class="totop"><a href="#summary">back to summary</a></p>
<h2 id="m3">Tests.FilterByColorTestCases:SelectShoesSubCategorySuccessfully</h2>
<p class="totop"><a href="#summary">back to summary</a></p>
<h2 id="m4">Tests.MyAccountTestCases:UserCanLogoutSuccessfully</h2>
<p class="totop"><a href="#summary">back to summary</a></p>
<h2 id="m5">Tests.RegisterationTestCases:UserCanRegisterSuccessfully</h2>
<p class="totop"><a href="#summary">back to summary</a></p>
<h2 id="m6">Tests.WishesListTestCases:AddProductsToWishesList</h2>
<p class="totop"><a href="#summary">back to summary</a></p>
<h2 id="m7">Tests.SelectTagsTestCases:SelectShoesSubCategorySuccessfully</h2>
<p class="totop"><a href="#summary">back to summary</a></p>
<h2 id="m8">Tests.RegisterationTestCases:UserCanLogoutSuccessfully</h2>
<p class="totop"><a href="#summary">back to summary</a></p>
<h2 id="m9">Tests.AddToShoppingCartTestCases:RemoveProductFromShoppingCart</h2>
<p class="totop"><a href="#summary">back to summary</a></p>
<h2 id="m10">Tests.WishesListTestCases:SearchByProductSuccessfully</h2>
<p class="totop"><a href="#summary">back to summary</a></p>
<h2 id="m11">Tests.SearchProductTestCases:SearchByProductSuccessfully</h2>
<p class="totop"><a href="#summary">back to summary</a></p>
<h2 id="m12">Tests.WishesListTestCases:RemoveProductFromWishesList</h2>
<p class="totop"><a href="#summary">back to summary</a></p>
<h2 id="m13">Tests.CheckOutTestCases:UserCanRegisterSuccessfully</h2>
<p class="totop"><a href="#summary">back to summary</a></p>
<h2 id="m14">Tests.MyAccountTestCases:UserCanLoginSuccessfully</h2>
<p class="totop"><a href="#summary">back to summary</a></p>
<h2 id="m15">Tests.FilterByColorTestCases:FilterByColorSuccessfully</h2>
<p class="totop"><a href="#summary">back to summary</a></p>
<h2 id="m16">Tests.ChangeCurrencyTestCases:SearchByProductSuccessfully</h2>
<p class="totop"><a href="#summary">back to summary</a></p>
<h2 id="m17">Tests.SelectTagsTestCases:SelectTagSuccessfully</h2>
<p class="totop"><a href="#summary">back to summary</a></p>
<h2 id="m18">Tests.MyAccountTestCases:UserCanRegisterSuccessfully</h2>
<p class="totop"><a href="#summary">back to summary</a></p>
<h2 id="m19">Tests.ChangeCurrencyTestCases:UserChangeCurrencyToDollarSuccessfully</h2>
<p class="totop"><a href="#summary">back to summary</a></p>
<h2 id="m20">Tests.ChangeCurrencyTestCases:UserChangeCurrencyToEuroSuccessfully</h2>
<p class="totop"><a href="#summary">back to summary</a></p>
<h2 id="m21">Tests.FilterByColorTestCases:CheckColorOnDetailsPageofProduct</h2>
<p class="totop"><a href="#summary">back to summary</a></p>
<h2 id="m22">Tests.CompareListTestCases:AddProductsToWishesList</h2>
<p class="totop"><a href="#summary">back to summary</a></p>
<h2 id="m23">Tests.CompareListTestCases:SearchByProductSuccessfully</h2>
<p class="totop"><a href="#summary">back to summary</a></p>
<h2 id="m24">Tests.CheckOutTestCases:SearchByProductSuccessfully</h2>
<p class="totop"><a href="#summary">back to summary</a></p>
<h2 id="m25">Tests.AddToShoppingCartTestCases:SearchByProductSuccessfully</h2>
<p class="totop"><a href="#summary">back to summary</a></p>
<h2 id="m26">Tests.AddToShoppingCartTestCases:AddProductsToShoppingCart</h2>
<p class="totop"><a href="#summary">back to summary</a></p>
<h2 id="m27">Tests.RegisterationTestCases:UserCanLoginSuccessfully</h2>
<p class="totop"><a href="#summary">back to summary</a></p>
<h2 id="m28">Tests.CheckOutTestCases:AddProductsToShoppingCart</h2>
<p class="totop"><a href="#summary">back to summary</a></p>
<h2 id="m29">Tests.MyAccountTestCases:LoggedUserChangePasswordSuccessfully</h2>
<p class="totop"><a href="#summary">back to summary</a></p>
</body></html>
